Sep 13 21:18 : update: added the_front_bottoms/talon_of_the_hawk/07.The_Feud.ogg
Sep 13 21:18 : update: added the_front_bottoms/talon_of_the_hawk/03.Swear_To_God_The_Devil_Made_Me_Do_It.ogg
Sep 13 21:18 : update: added the_front_bottoms/talon_of_the_hawk/10.Lone_Star.ogg
Sep 13 21:18 : update: added the_front_bottoms/talon_of_the_hawk/05.Peach.ogg
Sep 13 21:18 : update: added the_front_bottoms/talon_of_the_hawk/09.Tattooed_Tears.ogg
Sep 13 21:18 : update: added the_front_bottoms/talon_of_the_hawk/11.Back_Flip.ogg
Sep 13 21:18 : update: added the_front_bottoms/talon_of_the_hawk/12.Everything_I_Own.ogg
Sep 13 21:18 : update: added the_front_bottoms/talon_of_the_hawk/04.Twin_Size_Mattress.ogg
Sep 13 21:18 : update: added the_front_bottoms/talon_of_the_hawk/06.Santa_Monica.ogg
Sep 13 21:18 : update: added the_front_bottoms/talon_of_the_hawk/01.Au_Revoir_(Adios).ogg
Sep 13 21:18 : update: added the_front_bottoms/talon_of_the_hawk/02.Skeleton.ogg
Sep 13 21:18 : update: added the_front_bottoms/talon_of_the_hawk/08.Funny_You_Should_Ask.ogg
Sep 13 21:18 : update: added the_front_bottoms/rose/3.12_Feet_Deep.ogg
Sep 13 21:18 : update: added the_front_bottoms/rose/2.Lipstick_Covered_Magnet.ogg
Sep 13 21:18 : update: added the_front_bottoms/rose/5.Be_Nice_To_Me.ogg
Sep 13 21:18 : update: added the_front_bottoms/rose/4.Jim_Bogart.ogg
Sep 13 21:18 : update: added the_front_bottoms/rose/1.Flying_Model_Rockets.ogg
Sep 13 21:18 : update: added the_front_bottoms/rose/6.Awkward_Conversations.ogg
Sep 13 21:18 : update: added the_front_bottoms/the_front_bottoms/11.Legit_Tattoo_Gun.ogg
Sep 13 21:18 : update: added the_front_bottoms/the_front_bottoms/01.Flashlight.ogg
Sep 13 21:18 : update: added the_front_bottoms/the_front_bottoms/12.Hooped_Earrings.ogg
Sep 13 21:18 : update: added the_front_bottoms/the_front_bottoms/02.Maps.ogg
Sep 13 21:18 : update: added the_front_bottoms/the_front_bottoms/10.Bathtub.ogg
Sep 13 21:18 : update: added the_front_bottoms/the_front_bottoms/07.Father.ogg
Sep 13 21:18 : update: added the_front_bottoms/the_front_bottoms/03.Looking_Like_You_Just_Woke_Up.ogg
Sep 13 21:18 : update: added the_front_bottoms/the_front_bottoms/06.The_Beers.ogg
Sep 13 21:18 : update: added the_front_bottoms/the_front_bottoms/08.Swimming_Pool.ogg
Sep 13 21:18 : update: added the_front_bottoms/the_front_bottoms/04.Mountain.ogg
Sep 13 21:18 : update: added the_front_bottoms/the_front_bottoms/09.The_Boredom_Is_the_Reason_I_Started_Swimming._Its_Also_the_Reason_I_Started_Sinking.ogg
Sep 13 21:18 : update: added the_front_bottoms/the_front_bottoms/05.Rhode_Island.ogg
Sep 13 21:18 : avahi: Service 'Music Player' successfully established.
Sep 13 21:18 : avahi: Service 'Music Player' successfully established.
Sep 13 21:18 : client: [0] opened from [::1]:37498
Sep 13 21:18 : client: [0] closed
Sep 13 21:19 : client: [1] opened from [::1]:37590
Sep 13 21:23 : player: played "the_front_bottoms/talon_of_the_hawk/03.Swear_To_God_The_Devil_Made_Me_Do_It.ogg"
Sep 13 21:27 : player: played "the_front_bottoms/talon_of_the_hawk/04.Twin_Size_Mattress.ogg"
Sep 13 21:30 : player: played "the_front_bottoms/talon_of_the_hawk/05.Peach.ogg"
Sep 13 21:34 : player: played "the_front_bottoms/talon_of_the_hawk/06.Santa_Monica.ogg"
Sep 13 21:38 : player: played "the_front_bottoms/talon_of_the_hawk/07.The_Feud.ogg"
Sep 13 21:41 : player: played "the_front_bottoms/talon_of_the_hawk/08.Funny_You_Should_Ask.ogg"
Sep 13 21:45 : player: played "the_front_bottoms/talon_of_the_hawk/09.Tattooed_Tears.ogg"
Sep 13 21:49 : player: played "the_front_bottoms/talon_of_the_hawk/10.Lone_Star.ogg"
Sep 13 21:53 : player: played "the_front_bottoms/talon_of_the_hawk/11.Back_Flip.ogg"
Sep 13 21:56 : player: played "the_front_bottoms/talon_of_the_hawk/12.Everything_I_Own.ogg"
Sep 13 22:06 : player: played "the_front_bottoms/rose/1.Flying_Model_Rockets.ogg"
Sep 13 22:19 : player: played "the_front_bottoms/rose/5.Be_Nice_To_Me.ogg"
Sep 13 22:19 : player: played "the_front_bottoms/rose/1.Flying_Model_Rockets.ogg"
Sep 13 22:19 : player: played "the_front_bottoms/rose/5.Be_Nice_To_Me.ogg"
Sep 13 22:22 : player: played "the_front_bottoms/rose/2.Lipstick_Covered_Magnet.ogg"
Sep 13 22:26 : player: played "the_front_bottoms/rose/3.12_Feet_Deep.ogg"
Sep 13 22:29 : player: played "the_front_bottoms/rose/4.Jim_Bogart.ogg"
Sep 13 22:30 : player: played "the_front_bottoms/rose/5.Be_Nice_To_Me.ogg"
Sep 13 22:30 : client: [1] closed
Sep 13 22:30 : client: [2] opened from [::1]:38322
Sep 13 22:32 : client: [2] closed
Sep 13 22:33 : player: played "the_front_bottoms/rose/5.Be_Nice_To_Me.ogg"
Sep 13 22:34 : client: [3] opened from [::1]:38336
Sep 14 12:31 : client: [3] closed
Sep 15 21:01 : client: [4] opened from [::1]:40996
Sep 15 21:01 : player: played "the_front_bottoms/rose/6.Awkward_Conversations.ogg"
Sep 15 21:03 : player: played "the_front_bottoms/talon_of_the_hawk/01.Au_Revoir_(Adios).ogg"
Sep 15 21:09 : player: played "the_front_bottoms/talon_of_the_hawk/02.Skeleton.ogg"
Sep 15 21:12 : player: played "the_front_bottoms/talon_of_the_hawk/03.Swear_To_God_The_Devil_Made_Me_Do_It.ogg"
Sep 15 21:17 : player: played "the_front_bottoms/talon_of_the_hawk/04.Twin_Size_Mattress.ogg"
Sep 15 21:20 : player: played "the_front_bottoms/talon_of_the_hawk/05.Peach.ogg"
Sep 15 21:23 : client: [4] closed
Sep 15 21:24 : client: [5] opened from [::1]:41191
Sep 15 21:25 : client: [6] opened from [::1]:41192
Sep 15 21:25 : client: [5] closed
Sep 15 21:25 : client: [6] closed
Sep 15 21:25 : client: [7] opened from [::1]:41193
Sep 15 21:25 : client: [7] closed
Sep 15 21:25 : client: [8] opened from [::1]:41194
Sep 15 21:27 : player: played "the_front_bottoms/talon_of_the_hawk/06.Santa_Monica.ogg"
Sep 15 21:30 : player: played "the_front_bottoms/talon_of_the_hawk/07.The_Feud.ogg"
Sep 15 21:34 : player: played "the_front_bottoms/talon_of_the_hawk/08.Funny_You_Should_Ask.ogg"
Sep 15 21:38 : player: played "the_front_bottoms/talon_of_the_hawk/09.Tattooed_Tears.ogg"
Sep 15 21:42 : player: played "the_front_bottoms/talon_of_the_hawk/10.Lone_Star.ogg"
Sep 15 21:46 : player: played "the_front_bottoms/talon_of_the_hawk/11.Back_Flip.ogg"
Sep 15 21:49 : player: played "the_front_bottoms/talon_of_the_hawk/12.Everything_I_Own.ogg"
Sep 15 22:53 : client: [8] closed
Oct 09 11:31 : client: [0] opened from [::1]:42203
Oct 09 11:31 : avahi: Service 'Music Player' successfully established.
Oct 09 11:31 : client: [0] closed
Oct 09 11:32 : client: [1] opened from [::1]:42208
Oct 09 11:33 : client: [1] closed
Oct 09 11:33 : client: [2] opened from [::1]:42212
Oct 09 11:33 : client: [2] closed
